<?xml version="1.0" encoding="UTF-8"?>
<testsuite xmlns:xsi="http://www.w3.org/2001/XMLSchema-instance" xsi:noNamespaceSchemaLocation="https://maven.apache.org/surefire/maven-surefire-plugin/xsd/surefire-test-report.xsd" version="3.0.2" name="com.portfolio.user.login.LoginControllerTest" time="27.824" tests="1" errors="0" skipped="0" failures="0">
  <properties>
[...]
</properties>
  <testcase name="testIndex" classname="com.portfolio.user.login.LoginControllerTest" time="2.068">
    <system-out><![CDATA[14:52:55.816 [main] INFO org.springframework.test.context.support.AnnotationConfigContextLoaderUtils -- Could not detect default configuration classes for test class [com.portfolio.user.login.LoginControllerTest]: LoginControllerTest does not declare any static, non-private, non-final, nested classes annotated with @Configuration.
14:52:56.916 [main] INFO org.springframework.boot.test.context.SpringBootTestContextBootstrapper -- Found @SpringBootConfiguration com.portfolio.PortfolioMain for test class com.portfolio.user.login.LoginControllerTest
14:52:58.081 [main] INFO org.springframework.boot.devtools.restart.RestartApplicationListener -- Restart disabled due to context in which it is running
{"@timestamp":"2026-02-04T05:52:59.801372900Z","log":{"level":"INFO","logger":"com.portfolio.user.login.LoginControllerTest"},"process":{"pid":18524,"thread":{"name":"main"}},"service":{"name":"demo","node":{}},"message":"Starting LoginControllerTest using Java 21.0.10 with PID 18524 (started by user in C:\\Projects\\demo)","tags":["COMMONS-LOGGING"],"ecs":{"version":"8.11"}}
{"@timestamp":"2026-02-04T05:52:59.829682700Z","log":{"level":"DEBUG","logger":"com.portfolio.user.login.LoginControllerTest"},"process":{"pid":18524,"thread":{"name":"main"}},"service":{"name":"demo","node":{}},"message":"Running with Spring Boot v4.0.2, Spring v7.0.3","tags":["COMMONS-LOGGING"],"ecs":{"version":"8.11"}}
{"@timestamp":"2026-02-04T05:52:59.836663600Z","log":{"level":"INFO","logger":"com.portfolio.user.login.LoginControllerTest"},"process":{"pid":18524,"thread":{"name":"main"}},"service":{"name":"demo","node":{}},"message":"No active profile set, falling back to 1 default profile: \"default\"","tags":["COMMONS-LOGGING"],"ecs":{"version":"8.11"}}
{"@timestamp":"2026-02-04T05:53:02.615674100Z","log":{"level":"INFO","logger":"org.springframework.data.repository.config.RepositoryConfigurationDelegate"},"process":{"pid":18524,"thread":{"name":"main"}},"service":{"name":"demo","node":{}},"message":"Bootstrapping Spring Data JPA repositories in DEFAULT mode.","tags":["COMMONS-LOGGING"],"ecs":{"version":"8.11"}}
{"@timestamp":"2026-02-04T05:53:02.815549300Z","log":{"level":"INFO","logger":"org.springframework.data.repository.config.RepositoryConfigurationDelegate"},"process":{"pid":18524,"thread":{"name":"main"}},"service":{"name":"demo","node":{}},"message":"Finished Spring Data repository scanning in 166 ms. Found 1 JPA repository interface.","tags":["COMMONS-LOGGING"],"ecs":{"version":"8.11"}}
{"@timestamp":"2026-02-04T05:53:04.883780200Z","log":{"level":"INFO","logger":"org.hibernate.orm.jpa"},"process":{"pid":18524,"thread":{"name":"main"}},"service":{"name":"demo","node":{}},"message":"HHH008540: Processing PersistenceUnitInfo [name: default]","ecs":{"version":"8.11"}}
{"@timestamp":"2026-02-04T05:53:05.168354200Z","log":{"level":"INFO","logger":"org.hibernate.orm.core"},"process":{"pid":18524,"thread":{"name":"main"}},"service":{"name":"demo","node":{}},"message":"HHH000001: Hibernate ORM core version 7.2.1.Final","ecs":{"version":"8.11"}}
{"@timestamp":"2026-02-04T05:53:07.416557500Z","log":{"level":"INFO","logger":"org.springframework.orm.jpa.persistenceunit.SpringPersistenceUnitInfo"},"process":{"pid":18524,"thread":{"name":"main"}},"service":{"name":"demo","node":{}},"message":"No LoadTimeWeaver setup: ignoring JPA class transformer","tags":["COMMONS-LOGGING"],"ecs":{"version":"8.11"}}
{"@timestamp":"2026-02-04T05:53:07.572510500Z","log":{"level":"INFO","logger":"com.zaxxer.hikari.HikariDataSource"},"process":{"pid":18524,"thread":{"name":"main"}},"service":{"name":"demo","node":{}},"message":"HikariPool-1 - Starting...","ecs":{"version":"8.11"}}
{"@timestamp":"2026-02-04T05:53:08.489598600Z","log":{"level":"INFO","logger":"com.zaxxer.hikari.pool.HikariPool"},"process":{"pid":18524,"thread":{"name":"main"}},"service":{"name":"demo","node":{}},"message":"HikariPool-1 - Added connection org.postgresql.jdbc.PgConnection@41d101d4","ecs":{"version":"8.11"}}
{"@timestamp":"2026-02-04T05:53:08.497654400Z","log":{"level":"INFO","logger":"com.zaxxer.hikari.HikariDataSource"},"process":{"pid":18524,"thread":{"name":"main"}},"service":{"name":"demo","node":{}},"message":"HikariPool-1 - Start completed.","ecs":{"version":"8.11"}}
{"@timestamp":"2026-02-04T05:53:08.836816600Z","log":{"level":"INFO","logger":"org.hibernate.orm.connections.pooling"},"process":{"pid":18524,"thread":{"name":"main"}},"service":{"name":"demo","node":{}},"message":"HHH10001005: Database info:\n\tDatabase JDBC URL [jdbc:postgresql://localhost:5432/postgres]\n\tDatabase driver: PostgreSQL JDBC Driver\n\tDatabase dialect: PostgreSQLDialect\n\tDatabase version: 17.7\n\tDefault catalog/schema: postgres/public\n\tAutocommit mode: undefined/unknown\n\tIsolation level: READ_COMMITTED [default READ_COMMITTED]\n\tJDBC fetch size: none\n\tPool: DataSourceConnectionProvider\n\tMinimum pool size: undefined/unknown\n\tMaximum pool size: undefined/unknown","ecs":{"version":"8.11"}}
{"@timestamp":"2026-02-04T05:53:13.801013100Z","log":{"level":"INFO","logger":"org.hibernate.orm.core"},"process":{"pid":18524,"thread":{"name":"main"}},"service":{"name":"demo","node":{}},"message":"HHH000489: No JTA platform available (set 'hibernate.transaction.jta.platform' to enable JTA platform integration)","ecs":{"version":"8.11"}}
{"@timestamp":"2026-02-04T05:53:13.921104400Z","log":{"level":"INFO","logger":"org.springframework.orm.jpa.LocalContainerEntityManagerFactoryBean"},"process":{"pid":18524,"thread":{"name":"main"}},"service":{"name":"demo","node":{}},"message":"Initialized JPA EntityManagerFactory for persistence unit 'default'","tags":["COMMONS-LOGGING"],"ecs":{"version":"8.11"}}
{"@timestamp":"2026-02-04T05:53:14.619340Z","log":{"level":"INFO","logger":"org.springframework.data.jpa.repository.query.QueryEnhancerFactories"},"process":{"pid":18524,"thread":{"name":"main"}},"service":{"name":"demo","node":{}},"message":"Hibernate is in classpath; If applicable, HQL parser will be used.","tags":["COMMONS-LOGGING"],"ecs":{"version":"8.11"}}
{"@timestamp":"2026-02-04T05:53:18.274466900Z","log":{"level":"INFO","logger":"org.springframework.security.config.annotation.authentication.configuration.InitializeUserDetailsBeanManagerConfigurer$InitializeUserDetailsManagerConfigurer"},"process":{"pid":18524,"thread":{"name":"main"}},"service":{"name":"demo","node":{}},"message":"Global AuthenticationManager configured with UserDetailsService bean with name customUserDetailsService","tags":["COMMONS-LOGGING"],"ecs":{"version":"8.11"}}
{"@timestamp":"2026-02-04T05:53:18.694648900Z","log":{"level":"DEBUG","logger":"org.springframework.security.web.DefaultSecurityFilterChain"},"process":{"pid":18524,"thread":{"name":"main"}},"service":{"name":"demo","node":{}},"message":"Will secure any request with filters: DisableEncodeUrlFilter, WebAsyncManagerIntegrationFilter, SecurityContextHolderFilter, HeaderWriterFilter, LogoutFilter, UsernamePasswordAuthenticationFilter, RequestCacheAwareFilter, SecurityContextHolderAwareRequestFilter, AnonymousAuthenticationFilter, ExceptionTranslationFilter, AuthorizationFilter","tags":["COMMONS-LOGGING"],"ecs":{"version":"8.11"}}
{"@timestamp":"2026-02-04T05:53:18.823008200Z","log":{"level":"INFO","logger":"org.springframework.boot.webmvc.autoconfigure.WelcomePageHandlerMapping"},"process":{"pid":18524,"thread":{"name":"main"}},"service":{"name":"demo","node":{}},"message":"Adding welcome page template: index","tags":["COMMONS-LOGGING"],"ecs":{"version":"8.11"}}
{"@timestamp":"2026-02-04T05:53:20.388361600Z","log":{"level":"INFO","logger":"org.springframework.boot.test.mock.web.SpringBootMockServletContext"},"process":{"pid":18524,"thread":{"name":"main"}},"service":{"name":"demo","node":{}},"message":"Initializing Spring TestDispatcherServlet ''","tags":["COMMONS-LOGGING"],"ecs":{"version":"8.11"}}
{"@timestamp":"2026-02-04T05:53:20.388361600Z","log":{"level":"INFO","logger":"org.springframework.test.web.servlet.TestDispatcherServlet"},"process":{"pid":18524,"thread":{"name":"main"}},"service":{"name":"demo","node":{}},"message":"Initializing Servlet ''","tags":["COMMONS-LOGGING"],"ecs":{"version":"8.11"}}
{"@timestamp":"2026-02-04T05:53:20.405309300Z","log":{"level":"INFO","logger":"org.springframework.test.web.servlet.TestDispatcherServlet"},"process":{"pid":18524,"thread":{"name":"main"}},"service":{"name":"demo","node":{}},"message":"Completed initialization in 17 ms","tags":["COMMONS-LOGGING"],"ecs":{"version":"8.11"}}
{"@timestamp":"2026-02-04T05:53:20.518580100Z","log":{"level":"INFO","logger":"com.portfolio.user.login.LoginControllerTest"},"process":{"pid":18524,"thread":{"name":"main"}},"service":{"name":"demo","node":{}},"message":"Started LoginControllerTest in 22.491 seconds (process running for 28.367)","tags":["COMMONS-LOGGING"],"ecs":{"version":"8.11"}}
{"@timestamp":"2026-02-04T05:53:21.957470Z","log":{"level":"DEBUG","logger":"org.springframework.security.web.FilterChainProxy"},"process":{"pid":18524,"thread":{"name":"main"}},"service":{"name":"demo","node":{}},"message":"Securing GET /","tags":["COMMONS-LOGGING"],"ecs":{"version":"8.11"}}
{"@timestamp":"2026-02-04T05:53:21.968871Z","log":{"level":"DEBUG","logger":"org.springframework.security.web.FilterChainProxy"},"process":{"pid":18524,"thread":{"name":"main"}},"service":{"name":"demo","node":{}},"message":"Secured GET /","tags":["COMMONS-LOGGING"],"ecs":{"version":"8.11"}}
{"@timestamp":"2026-02-04T05:53:22.589913600Z","log":{"level":"DEBUG","logger":"org.springframework.security.web.authentication.AnonymousAuthenticationFilter"},"process":{"pid":18524,"thread":{"name":"main"}},"service":{"name":"demo","node":{}},"message":"Set SecurityContextHolder to anonymous SecurityContext","tags":["COMMONS-LOGGING"],"ecs":{"version":"8.11"}}
]]></system-out>
    <system-err><![CDATA[Mockito is currently self-attaching to enable the inline-mock-maker. This will no longer work in future releases of the JDK. Please add Mockito as an agent to your build as described in Mockito's documentation: https://javadoc.io/doc/org.mockito/mockito-core/latest/org.mockito/org/mockito/Mockito.html#0.3
WARNING: A Java agent has been loaded dynamically (C:\Users\user\.m2\repository\net\bytebuddy\byte-buddy-agent\1.17.8\byte-buddy-agent-1.17.8.jar)
WARNING: If a serviceability tool is in use, please run with -XX:+EnableDynamicAgentLoading to hide this warning
WARNING: If a serviceability tool is not in use, please run with -Djdk.instrument.traceUsage for more information
WARNING: Dynamic loading of agents will be disallowed by default in a future release
]]></system-err>
  </testcase>
</testsuite>